\BOOKMARK [1][-]{section*.1}{\376\377\000T\000\323\000M\000\040\000T\036\256\000T}{}% 1
\BOOKMARK [1][-]{section*.2}{\376\377\000L\036\334\000I\000\040\000C\036\242\000M\000\040\001\240\000N}{}% 2
\BOOKMARK [1][-]{section*.3}{\376\377\000D\000A\000N\000H\000\040\000M\036\344\000C\000\040\000T\000H\000U\036\254\000T\000\040\000N\000G\036\356\000\040\000V\000\300\000\040\000K\000\335\000\040\000H\000I\036\306\000U}{}% 3
\BOOKMARK [1][-]{section.4}{\376\377\000M\036\337\000\040\001\021\036\247\000u}{}% 4
\BOOKMARK [2][-]{subsection.5}{\376\377\000L\000\375\000\040\000d\000o\000\040\000c\000h\036\315\000n\000\040\001\021\036\301\000\040\000t\000\340\000i}{section.4}% 5
\BOOKMARK [2][-]{subsection.6}{\376\377\000M\036\345\000c\000\040\000t\000i\000\352\000u\000\040\000n\000g\000h\000i\000\352\000n\000\040\000c\036\351\000u}{section.4}% 6
\BOOKMARK [2][-]{subsection.7}{\376\377\000P\000h\036\241\000m\000\040\000v\000i\000\040\001\021\036\301\000\040\000t\000\340\000i}{section.4}% 7
\BOOKMARK [2][-]{subsection.8}{\376\377\000P\000h\001\260\001\241\000n\000g\000\040\000p\000h\000\341\000p\000\040\000t\000h\036\361\000c\000\040\000h\000i\036\307\000n}{section.4}% 8
\BOOKMARK [1][-]{section.14}{\376\377\000C\001\241\000\040\000s\036\337\000\040\000l\000\375\000\040\000t\000h\000u\000y\036\277\000t\000\040\000v\000\340\000\040\000C\000\364\000n\000g\000\040\000n\000g\000h\036\307\000\040\000s\036\355\000\040\000d\036\345\000n\000g}{}% 9
\BOOKMARK [2][-]{subsection.15}{\376\377\000N\036\301\000n\000\040\000t\036\243\000n\000g\000\040\000l\036\255\000p\000\040\000t\000r\000\354\000n\000h\000\040\000C\000\043\000\040\000v\000\340\000\040\000W\000i\000n\000d\000o\000w\000s\000\040\000F\000o\000r\000m\000s}{section.14}% 10
\BOOKMARK [2][-]{subsection.16}{\376\377\000C\000\341\000c\000\040\000k\036\371\000\040\000t\000h\000u\036\255\000t\000\040\000W\000i\000n\000F\000o\000r\000m\000s\000\040\001\021\001\260\036\343\000c\000\040\000\341\000p\000\040\000d\036\345\000n\000g\000\040\000t\000r\000o\000n\000g\000\040\001\021\036\323\000\040\000\341\000n}{section.14}% 11
\BOOKMARK [3][-]{subsubsection.17}{\376\377\000L\036\255\000p\000\040\000t\000r\000\354\000n\000h\000\040\000h\001\260\036\333\000n\000g\000\040\000s\036\361\000\040\000k\000i\036\307\000n}{subsection.16}% 12
\BOOKMARK [3][-]{subsubsection.20}{\376\377\000P\000a\000r\000t\000i\000a\000l\000\040\000c\000l\000a\000s\000s\000\040\000v\000\340\000\040\000D\000e\000s\000i\000g\000n\000e\000r}{subsection.16}% 13
\BOOKMARK [3][-]{subsubsection.21}{\376\377\000F\000o\000r\000m\000,\000\040\000U\000s\000e\000r\000C\000o\000n\000t\000r\000o\000l\000\040\000v\000\340\000\040\000m\000\364\000\040\000h\000\354\000n\000h\000\040\000m\000\340\000n\000\040\000h\000\354\000n\000h\000\040\000c\000o\000n}{subsection.16}% 14
\BOOKMARK [3][-]{subsubsection.24}{\376\377\000D\000o\000c\000k\000,\000\040\000A\000n\000c\000h\000o\000r\000\040\000v\000\340\000\040\000b\036\321\000\040\000c\036\345\000c\000\040\000c\000o\000\040\000g\000i\000\343\000n}{subsection.16}% 15
\BOOKMARK [3][-]{subsubsection.25}{\376\377\000D\000a\000t\000a\000G\000r\000i\000d\000V\000i\000e\000w\000\040\000v\000\340\000\040\000b\000i\000n\000d\000i\000n\000g\000\040\000d\036\357\000\040\000l\000i\036\307\000u}{subsection.16}% 16
\BOOKMARK [3][-]{subsubsection.28}{\376\377\000F\000o\000r\000m\000\040\000m\000o\000d\000a\000l\000\040\000v\000\340\000\040\000h\036\331\000p\000\040\000t\000h\000o\036\241\000i\000\040\000n\000g\000h\000i\036\307\000p\000\040\000v\036\345}{subsection.16}% 17
\BOOKMARK [3][-]{subsubsection.31}{\376\377\000C\000u\000s\000t\000o\000m\000\040\000c\000o\000n\000t\000r\000o\000l\000\040\000v\000\340\000\040\000c\000a\000r\000d\000\040\000n\000g\000h\000i\036\307\000p\000\040\000v\036\345}{subsection.16}% 18
\BOOKMARK [2][-]{subsection.32}{\376\377\000M\000\364\000\040\000h\000\354\000n\000h\000\040\001\021\000i\036\301\000u\000\040\000h\001\260\036\333\000n\000g\000\040\001\021\000a\000\040\000v\000a\000i\000\040\000t\000r\000\362\000\040\000t\000r\000o\000n\000g\000\040\000W\000i\000n\000F\000o\000r\000m\000s}{section.14}% 19
\BOOKMARK [2][-]{subsection.37}{\376\377\000T\000h\000i\036\277\000t\000\040\000k\036\277\000\040\000t\000r\036\243\000i\000\040\000n\000g\000h\000i\036\307\000m\000\040\000D\000e\000s\000k\000t\000o\000p\000\040\000t\000h\000e\000o\000\040\000t\036\353\000n\000g\000\040\000v\000a\000i\000\040\000t\000r\000\362}{section.14}% 20
\BOOKMARK [2][-]{subsection.38}{\376\377\000M\000\364\000\040\000h\000\354\000n\000h\000\040\000k\000i\036\277\000n\000\040\000t\000r\000\372\000c\000\040\000n\000h\000i\036\301\000u\000\040\000l\036\333\000p}{section.14}% 21
\BOOKMARK [2][-]{subsection.42}{\376\377\000T\036\247\000n\000g\000\040\000D\000T\000O\000,\000\040\000B\000U\000S\000\040\000v\000\340\000\040\000D\000A\000L}{section.14}% 22
\BOOKMARK [2][-]{subsection.43}{\376\377\000A\000D\000O\000.\000N\000E\000T\000\040\000v\000\340\000\040\000S\000Q\000L\000\040\000S\000e\000r\000v\000e\000r}{section.14}% 23
\BOOKMARK [2][-]{subsection.46}{\376\377\000E\000n\000t\000i\000t\000y\000\040\000F\000r\000a\000m\000e\000w\000o\000r\000k\000\040\000v\000\340\000\040\001\021\036\313\000n\000h\000\040\000h\001\260\036\333\000n\000g\000\040\000O\000R\000M}{section.14}% 24
\BOOKMARK [3][-]{subsubsection.47}{\376\377\001\020\036\313\000n\000h\000\040\000h\001\260\036\333\000n\000g\000\040\000t\000h\000i\036\277\000t\000\040\000k\036\277\000\040\000D\000A\000L\000\040\000b\036\261\000n\000g\000\040\000E\000n\000t\000i\000t\000y\000\040\000F\000r\000a\000m\000e\000w\000o\000r\000k}{subsection.46}% 25
\BOOKMARK [2][-]{subsection.52}{\376\377\000A\000P\000I\000,\000\040\000S\000u\000p\000a\000b\000a\000s\000e\000,\000\040\000S\000h\000e\000e\000t\000D\000B\000\040\000v\000\340\000\040\000P\000a\000y\000O\000S}{section.14}% 26
\BOOKMARK [3][-]{subsubsection.53}{\376\377\000V\000a\000i\000\040\000t\000r\000\362\000\040\000c\036\347\000a\000\040\036\351\000n\000g\000\040\000d\036\345\000n\000g\000\040\000t\000r\000u\000n\000g\000\040\000g\000i\000a\000n\000\040\000t\000r\000o\000n\000g\000\040\000t\000\355\000c\000h\000\040\000h\036\343\000p\000\040\000A\000P\000I}{subsection.52}% 27
\BOOKMARK [3][-]{subsubsection.54}{\376\377\000M\000\364\000\040\000h\000\354\000n\000h\000\040\000d\036\357\000\040\000l\000i\036\307\000u\000\040\000S\000h\000e\000e\000t\000D\000B\000\040\000v\000\340\000\040\000S\000u\000p\000a\000b\000a\000s\000e}{subsection.52}% 28
\BOOKMARK [3][-]{subsubsection.57}{\376\377\000L\000u\036\323\000n\000g\000\040\001\021\036\323\000n\000g\000\040\000b\036\331\000\040\000S\000u\000p\000a\000b\000a\000s\000e\000,\000\040\000S\000h\000e\000e\000t\000D\000B\000\040\000v\000\340\000\040\000S\000Q\000L\000\040\000S\000e\000r\000v\000e\000r}{subsection.52}% 29
\BOOKMARK [3][-]{subsubsection.69}{\376\377\001\020\036\323\000n\000g\000\040\000b\036\331\000\040\000r\000e\000q\000u\000e\000s\000t\000\040\000c\036\255\000n\000\040\000l\000\342\000m\000\040\000s\000\340\000n\000g\000\040\000t\036\353\000\040\000S\000u\000p\000a\000b\000a\000s\000e}{subsection.52}% 30
\BOOKMARK [3][-]{subsubsection.70}{\376\377\000L\000u\036\323\000n\000g\000\040\000P\000a\000y\000O\000S\000,\000\040\000V\000i\000e\000t\000Q\000R\000,\000\040\000M\000o\000M\000o\000\040\000Q\000R\000\040\000v\000\340\000\040\000w\000e\000b\000h\000o\000o\000k}{subsection.52}% 31
\BOOKMARK [1][-]{section.85}{\376\377\000P\000h\000\342\000n\000\040\000t\000\355\000c\000h\000\040\000v\000\340\000\040\000T\000h\000i\036\277\000t\000\040\000k\036\277\000\040\000h\036\307\000\040\000t\000h\036\321\000n\000g}{}% 32
\BOOKMARK [2][-]{subsection.86}{\376\377\000T\000\341\000c\000\040\000n\000h\000\342\000n\000\040\000s\036\355\000\040\000d\036\345\000n\000g\000\040\000h\036\307\000\040\000t\000h\036\321\000n\000g}{section.85}% 33
\BOOKMARK [2][-]{subsection.87}{\376\377\000Y\000\352\000u\000\040\000c\036\247\000u\000\040\000c\000h\036\351\000c\000\040\000n\001\003\000n\000g}{section.85}% 34
\BOOKMARK [2][-]{subsection.88}{\376\377\001\020\036\267\000c\000\040\000t\036\243\000\040\000u\000s\000e\000\040\000c\000a\000s\000e\000\040\000c\000h\000\355\000n\000h}{section.85}% 35
\BOOKMARK [3][-]{subsubsection.89}{\376\377\000U\000C\000-\0000\0001\000:\000\040\001\020\001\003\000n\000g\000\040\000n\000h\036\255\000p\000\040\000h\036\307\000\040\000t\000h\036\321\000n\000g}{subsection.88}% 36
\BOOKMARK [3][-]{subsubsection.90}{\376\377\000U\000C\000-\0000\0002\000:\000\040\000T\036\241\000o\000\040\000l\036\313\000c\000h\000\040\000h\036\271\000n\000\040\000k\000h\000\341\000m}{subsection.88}% 37
\BOOKMARK [3][-]{subsubsection.91}{\376\377\000U\000C\000-\0000\0003\000:\000\040\000T\000i\036\277\000p\000\040\000n\000h\036\255\000n\000\040\000b\036\307\000n\000h\000\040\000n\000h\000\342\000n\000\040\000v\000\340\000\040\001\021\001\260\000a\000\040\000v\000\340\000o\000\040\000h\000\340\000n\000g\000\040\000c\000h\036\335}{subsection.88}% 38
\BOOKMARK [3][-]{subsubsection.92}{\376\377\000U\000C\000-\0000\0004\000:\000\040\000K\000h\000\341\000m\000\040\000b\036\307\000n\000h\000\040\000v\000\340\000\040\000c\036\255\000p\000\040\000n\000h\036\255\000t\000\040\000E\000R\000M}{subsection.88}% 39
\BOOKMARK [3][-]{subsubsection.93}{\376\377\000U\000C\000-\0000\0005\000:\000\040\000X\036\355\000\040\000l\000\375\000\040\000y\000\352\000u\000\040\000c\036\247\000u\000\040\000x\000\351\000t\000\040\000n\000g\000h\000i\036\307\000m\000\040\000h\000o\036\267\000c\000\040\000h\000\354\000n\000h\000\040\036\243\000n\000h}{subsection.88}% 40
\BOOKMARK [3][-]{subsubsection.94}{\376\377\000U\000C\000-\0000\0006\000:\000\040\000C\036\245\000p\000\040\000p\000h\000\341\000t\000\040\000t\000h\000u\036\321\000c\000\040\000v\000\340\000\040\000t\000h\000a\000n\000h\000\040\000t\000o\000\341\000n}{subsection.88}% 41
\BOOKMARK [2][-]{subsection.95}{\376\377\000Q\000u\000y\000\040\000t\000r\000\354\000n\000h\000\040\000n\000g\000h\000i\036\307\000p\000\040\000v\036\345\000\040\000t\036\325\000n\000g\000\040\000q\000u\000\341\000t}{section.85}% 42
\BOOKMARK [2][-]{subsection.104}{\376\377\000Y\000\352\000u\000\040\000c\036\247\000u\000\040\000p\000h\000i\000\040\000c\000h\036\351\000c\000\040\000n\001\003\000n\000g}{section.85}% 43
\BOOKMARK [2][-]{subsection.105}{\376\377\000T\000h\000i\036\277\000t\000\040\000k\036\277\000\040\000c\001\241\000\040\000s\036\337\000\040\000d\036\357\000\040\000l\000i\036\307\000u}{section.85}% 44
\BOOKMARK [2][-]{subsection.106}{\376\377\000Q\000u\000a\000n\000\040\000h\036\307\000\040\000d\036\357\000\040\000l\000i\036\307\000u}{section.85}% 45
\BOOKMARK [2][-]{subsection.109}{\376\377\000T\000h\000i\036\277\000t\000\040\000k\036\277\000\040\000t\036\353\000\040\001\021\000i\036\303\000n\000\040\000d\036\357\000\040\000l\000i\036\307\000u\000\040\000t\000i\000\352\000u\000\040\000b\000i\036\303\000u}{section.85}% 46
\BOOKMARK [3][-]{subsubsection.110}{\376\377\000N\000h\000\363\000m\000\040\000b\036\243\000n\000g\000\040\000p\000h\000\342\000n\000\040\000q\000u\000y\036\301\000n\000\040\000v\000\340\000\040\000n\000h\000\342\000n\000\040\000s\036\361}{subsection.109}% 47
\BOOKMARK [3][-]{subsubsection.111}{\376\377\000N\000h\000\363\000m\000\040\000b\036\243\000n\000g\000\040\000b\036\307\000n\000h\000\040\000n\000h\000\342\000n\000,\000\040\000l\036\313\000c\000h\000\040\000h\036\271\000n\000\040\000v\000\340\000\040\000h\000\340\000n\000g\000\040\000c\000h\036\335}{subsection.109}% 48
\BOOKMARK [3][-]{subsubsection.112}{\376\377\000N\000h\000\363\000m\000\040\000b\036\243\000n\000g\000\040\000k\000h\000\341\000m\000\040\000b\036\307\000n\000h\000,\000\040\000c\036\255\000n\000\040\000l\000\342\000m\000\040\000s\000\340\000n\000g\000\040\000v\000\340\000\040\000h\036\323\000\040\000s\001\241}{subsection.109}% 49
\BOOKMARK [3][-]{subsubsection.113}{\376\377\000N\000h\000\363\000m\000\040\000b\036\243\000n\000g\000\040\000d\001\260\036\343\000c\000\040\000v\000\340\000\040\000t\000h\000a\000n\000h\000\040\000t\000o\000\341\000n}{subsection.109}% 50
\BOOKMARK [1][-]{section.114}{\376\377\000X\000\342\000y\000\040\000d\036\361\000n\000g\000\040\000v\000\340\000\040\000C\000\340\000i\000\040\001\021\036\267\000t\000\040\000c\000h\001\260\001\241\000n\000g\000\040\000t\000r\000\354\000n\000h}{}% 51
\BOOKMARK [2][-]{subsection.115}{\376\377\000T\036\325\000\040\000c\000h\036\351\000c\000\040\000p\000r\000o\000j\000e\000c\000t\000\040\000v\000\340\000\040\000k\000i\036\277\000n\000\040\000t\000r\000\372\000c\000\040\000t\000r\000i\036\303\000n\000\040\000k\000h\000a\000i}{section.114}% 52
\BOOKMARK [3][-]{subsubsection.116}{\376\377\000T\036\325\000\040\000c\000h\036\351\000c\000\040\000p\000r\000o\000j\000e\000c\000t\000\040\000t\000r\000o\000n\000g\000\040\000V\000i\000s\000u\000a\000l\000\040\000S\000t\000u\000d\000i\000o}{subsection.115}% 53
\BOOKMARK [3][-]{subsubsection.117}{\376\377\000P\000h\000\342\000n\000\040\000t\000\355\000c\000h\000\040\000c\036\245\000u\000\040\000t\000r\000\372\000c\000\040\000t\000h\001\260\000\040\000m\036\345\000c\000\040\000W\000i\000n\000F\000o\000r\000m\000s}{subsection.115}% 54
\BOOKMARK [3][-]{subsubsection.118}{\376\377\000Q\000u\000y\000\040\001\260\036\333\000c\000\040\000t\000h\000i\036\277\000t\000\040\000k\036\277\000\040\000f\000o\000r\000m\000\040\000v\000\340\000\040\000c\000o\000n\000t\000r\000o\000l}{subsection.115}% 55
\BOOKMARK [3][-]{subsubsection.119}{\376\377\000L\000u\036\323\000n\000g\000\040\000d\036\357\000\040\000l\000i\036\307\000u\000\040\000t\036\353\000\040\000U\000I\000\040\001\021\036\277\000n\000\040\000S\000Q\000L\000\040\000S\000e\000r\000v\000e\000r}{subsection.115}% 56
\BOOKMARK [3][-]{subsubsection.122}{\376\377\000C\000\340\000i\000\040\001\021\036\267\000t\000\040\000v\000\362\000n\000g\000\040\001\021\036\335\000i\000\040\036\351\000n\000g\000\040\000d\036\345\000n\000g\000\040\000W\000i\000n\000F\000o\000r\000m\000s}{subsection.115}% 57
\BOOKMARK [3][-]{subsubsection.125}{\376\377\000C\000\340\000i\000\040\001\021\036\267\000t\000\040\000d\000a\000s\000h\000b\000o\000a\000r\000d\000\040\000s\000h\000e\000l\000l\000\040\000v\000\340\000\040\000v\000\371\000n\000g\000\040\000n\036\331\000i\000\040\000d\000u\000n\000g\000\040\001\021\036\331\000n\000g}{subsection.115}% 58
\BOOKMARK [3][-]{subsubsection.128}{\376\377\000C\000\340\000i\000\040\001\021\036\267\000t\000\040\000U\000s\000e\000r\000C\000o\000n\000t\000r\000o\000l\000\040\000t\000h\000e\000o\000\040\000p\000h\000\342\000n\000\040\000h\036\307}{subsection.115}% 59
\BOOKMARK [3][-]{subsubsection.131}{\376\377\000C\000\340\000i\000\040\001\021\036\267\000t\000\040\000D\000a\000t\000a\000G\000r\000i\000d\000V\000i\000e\000w\000\040\000c\000h\000o\000\040\000n\000g\000h\000i\036\307\000p\000\040\000v\036\345\000\040\000q\000u\036\243\000n\000\040\000l\000\375}{subsection.115}% 60
\BOOKMARK [3][-]{subsubsection.134}{\376\377\000C\000\340\000i\000\040\001\021\036\267\000t\000\040\000F\000l\000o\000w\000L\000a\000y\000o\000u\000t\000P\000a\000n\000e\000l\000\040\000v\000\340\000\040\000c\000a\000r\000d\000\040\001\021\036\331\000n\000g}{subsection.115}% 61
\BOOKMARK [3][-]{subsubsection.137}{\376\377\000C\000\340\000i\000\040\001\021\036\267\000t\000\040\000f\000o\000r\000m\000\040\000m\000o\000d\000a\000l\000,\000\040\000O\000p\000e\000n\000F\000i\000l\000e\000D\000i\000a\000l\000o\000g\000\040\000v\000\340\000\040\000M\000e\000s\000s\000a\000g\000e\000B\000o\000x}{subsection.115}% 62
\BOOKMARK [3][-]{subsubsection.140}{\376\377\000C\000\340\000i\000\040\001\021\036\267\000t\000\040\000b\036\245\000t\000\040\001\021\036\323\000n\000g\000\040\000b\036\331\000\040\000c\000h\000o\000\040\000A\000P\000I\000\040\000v\000\340\000\040\000t\000h\000a\000n\000h\000\040\000t\000o\000\341\000n}{subsection.115}% 63
\BOOKMARK [3][-]{subsubsection.143}{\376\377\000Q\000u\036\243\000n\000\040\000l\000\375\000\040\000s\000e\000s\000s\000i\000o\000n\000\040\000v\000\340\000\040\000t\000r\000u\000y\036\301\000n\000\040\000n\000g\036\357\000\040\000c\036\243\000n\000h\000\040\000n\000g\001\260\036\335\000i\000\040\000d\000\371\000n\000g}{subsection.115}% 64
\BOOKMARK [3][-]{subsubsection.146}{\376\377\000C\000\340\000i\000\040\001\021\036\267\000t\000\040\001\021\000i\036\303\000m\000\040\000k\000h\036\337\000i\000\040\001\021\036\331\000n\000g\000\040\000v\000\340\000\040\000p\000h\000\342\000n\000\040\000q\000u\000y\036\301\000n}{subsection.115}% 65
\BOOKMARK [2][-]{subsection.149}{\376\377\000C\000\340\000i\000\040\001\021\036\267\000t\000\040\000c\000\341\000c\000\040\000t\036\247\000n\000g\000\040\000D\000T\000O\000,\000\040\000D\000A\000L\000,\000\040\000B\000U\000S\000\040\000v\000\340\000\040\000C\000o\000r\000e}{section.114}% 66
\BOOKMARK [3][-]{subsubsection.150}{\376\377\000C\000\340\000i\000\040\001\021\036\267\000t\000\040\000t\036\247\000n\000g\000\040\000D\000T\000O}{subsection.149}% 67
\BOOKMARK [3][-]{subsubsection.155}{\376\377\000C\000\340\000i\000\040\001\021\036\267\000t\000\040\000t\036\247\000n\000g\000\040\000D\000A\000L\000\040\000b\036\261\000n\000g\000\040\000A\000D\000O\000.\000N\000E\000T}{subsection.149}% 68
\BOOKMARK [3][-]{subsubsection.160}{\376\377\000C\000\340\000i\000\040\001\021\036\267\000t\000\040\000t\036\247\000n\000g\000\040\000D\000A\000L\000\040\000b\036\261\000n\000g\000\040\000E\000n\000t\000i\000t\000y\000\040\000F\000r\000a\000m\000e\000w\000o\000r\000k\000\040\000t\000h\000e\000o\000\040\000h\001\260\036\333\000n\000g\000\040\000m\036\337\000\040\000r\036\331\000n\000g}{subsection.149}% 69
\BOOKMARK [3][-]{subsubsection.170}{\376\377\000C\000\340\000i\000\040\001\021\036\267\000t\000\040\000t\036\247\000n\000g\000\040\000B\000U\000S}{subsection.149}% 70
\BOOKMARK [3][-]{subsubsection.183}{\376\377\000C\000\340\000i\000\040\001\021\036\267\000t\000\040\000t\036\247\000n\000g\000\040\000C\000o\000r\000e\000,\000\040\000C\000o\000n\000s\000t\000a\000n\000t\000s\000\040\000v\000\340\000\040\000S\000e\000s\000s\000i\000o\000n}{subsection.149}% 71
\BOOKMARK [2][-]{subsection.186}{\376\377\000T\000h\000i\036\277\000t\000\040\000k\036\277\000\040\000g\000i\000a\000o\000\040\000d\000i\036\307\000n\000\040\000n\000g\001\260\036\335\000i\000\040\000d\000\371\000n\000g}{section.114}% 72
\BOOKMARK [3][-]{subsubsection.187}{\376\377\000V\000a\000i\000\040\000t\000r\000\362\000\040\000c\036\347\000a\000\040\000C\000o\000n\000t\000r\000o\000l\000l\000e\000r\000\040\000t\000r\000o\000n\000g\000\040\000W\000i\000n\000F\000o\000r\000m\000s}{subsection.186}% 73
\BOOKMARK [3][-]{subsubsection.190}{\376\377\000T\000h\000i\036\277\000t\000\040\000k\036\277\000\040\000D\000a\000t\000a\000G\000r\000i\000d\000V\000i\000e\000w\000\040\000t\000r\000o\000n\000g\000\040\000m\000\340\000n\000\040\000h\000\354\000n\000h\000\040\000t\000h\000a\000n\000h\000\040\000t\000o\000\341\000n}{subsection.186}% 74
\BOOKMARK [3][-]{subsubsection.195}{\376\377\000T\000h\000i\036\277\000t\000\040\000k\036\277\000\040\000F\000l\000o\000w\000L\000a\000y\000o\000u\000t\000P\000a\000n\000e\000l\000\040\000c\000h\000o\000\040\000d\000a\000n\000h\000\040\000s\000\341\000c\000h\000\040\001\021\036\331\000n\000g}{subsection.186}% 75
\BOOKMARK [3][-]{subsubsection.203}{\376\377\000T\000h\000i\036\277\000t\000\040\000k\036\277\000\040\000U\000s\000e\000r\000C\000o\000n\000t\000r\000o\000l\000\040\000d\000\371\000n\000g\000\040\000c\000h\000u\000n\000g\000\040\000v\000\340\000\040\000k\036\277\000\040\000t\000h\036\353\000a\000\040\000v\000i\000e\000w\000\040\000b\000a\000s\000e}{subsection.186}% 76
\BOOKMARK [3][-]{subsubsection.204}{\376\377\000T\000h\000i\036\277\000t\000\040\000k\036\277\000\040\000t\000r\036\241\000n\000g\000\040\000t\000h\000\341\000i\000\040\000n\000\372\000t\000\040\000v\000\340\000\040\000p\000h\036\243\000n\000\040\000h\036\323\000i\000\040\000n\000g\001\260\036\335\000i\000\040\000d\000\371\000n\000g}{subsection.186}% 77
\BOOKMARK [3][-]{subsubsection.207}{\376\377\000C\000\340\000i\000\040\001\021\036\267\000t\000\040\000m\000a\000i\000n\000\040\000f\000o\000r\000m\000\040\000s\000h\000e\000l\000l\000\040\000t\000h\000e\000o\000\040\000v\000a\000i\000\040\000t\000r\000\362}{subsection.186}% 78
\BOOKMARK [3][-]{subsubsection.210}{\376\377\000P\000h\000\342\000n\000\040\000t\000\341\000c\000h\000\040\000D\000e\000s\000i\000g\000n\000e\000r\000\040\000v\000\340\000\040\000c\000o\000d\000e\000-\000b\000e\000h\000i\000n\000d}{subsection.186}% 79
\BOOKMARK [3][-]{subsubsection.211}{\376\377\000G\000i\000a\000o\000\040\000d\000i\036\307\000n\000\040\001\021\001\003\000n\000g\000\040\000n\000h\036\255\000p}{subsection.186}% 80
\BOOKMARK [3][-]{subsubsection.214}{\376\377\000G\000i\000a\000o\000\040\000d\000i\036\307\000n\000\040\000l\036\305\000\040\000t\000\342\000n}{subsection.186}% 81
\BOOKMARK [3][-]{subsubsection.217}{\376\377\000G\000i\000a\000o\000\040\000d\000i\036\307\000n\000\040\000b\000\341\000c\000\040\000s\001\051\000\040\000v\000\340\000\040\000E\000R\000M}{subsection.186}% 82
\BOOKMARK [3][-]{subsubsection.220}{\376\377\000G\000i\000a\000o\000\040\000d\000i\036\307\000n\000\040\001\021\000i\036\301\000u\000\040\000d\001\260\036\341\000n\000g}{subsection.186}% 83
\BOOKMARK [3][-]{subsubsection.223}{\376\377\000G\000i\000a\000o\000\040\000d\000i\036\307\000n\000\040\000k\036\371\000\040\000t\000h\000u\036\255\000t\000\040\000v\000i\000\352\000n}{subsection.186}% 84
\BOOKMARK [3][-]{subsubsection.228}{\376\377\000G\000i\000a\000o\000\040\000d\000i\036\307\000n\000\040\000d\001\260\036\343\000c\000\040\000s\001\051}{subsection.186}% 85
\BOOKMARK [3][-]{subsubsection.231}{\376\377\000C\000\340\000i\000\040\001\021\036\267\000t\000\040\000l\036\313\000c\000h\000\040\000l\000\340\000m\000\040\000v\000i\036\307\000c\000\040\000d\000\371\000n\000g\000\040\000c\000h\000u\000n\000g}{subsection.186}% 86
\BOOKMARK [2][-]{subsection.232}{\376\377\000T\000\355\000c\000h\000\040\000h\036\343\000p\000\040\000t\000\355\000n\000h\000\040\000n\001\003\000n\000g\000\040\000p\000h\036\345\000\040\000t\000r\036\343}{section.114}% 87
\BOOKMARK [3][-]{subsubsection.233}{\376\377\001\020\036\323\000n\000g\000\040\000b\036\331\000\040\000A\000P\000I\000\040\000S\000u\000p\000a\000b\000a\000s\000e\000\040\000v\000\340\000\040\000S\000h\000e\000e\000t\000D\000B}{subsection.232}% 88
\BOOKMARK [3][-]{subsubsection.238}{\376\377\000K\000\351\000o\000\040\000r\000e\000q\000u\000e\000s\000t\000\040\000x\000\351\000t\000\040\000n\000g\000h\000i\036\307\000m\000\040\000v\000\340\000\040\000h\000\354\000n\000h\000\040\036\243\000n\000h\000\040\000v\036\301\000\040\000m\000\340\000n\000\040\000h\000\354\000n\000h\000\040\000k\036\371\000\040\000t\000h\000u\036\255\000t\000\040\000v\000i\000\352\000n}{subsection.232}% 89
\BOOKMARK [3][-]{subsubsection.241}{\376\377\000T\000\355\000c\000h\000\040\000h\036\343\000p\000\040\000t\000h\000a\000n\000h\000\040\000t\000o\000\341\000n\000\040\000P\000a\000y\000O\000S}{subsection.232}% 90
\BOOKMARK [2][-]{subsection.244}{\376\377\000T\036\325\000n\000g\000\040\000h\036\343\000p\000\040\000l\000u\036\323\000n\000g\000\040\000c\000\340\000i\000\040\001\021\036\267\000t\000\040\000t\000h\000e\000o\000\040\000n\000g\000h\000i\036\307\000p\000\040\000v\036\345}{section.114}% 91
\BOOKMARK [2][-]{subsection.245}{\376\377\000P\000h\000\342\000n\000\040\000r\000\343\000\040\000c\000h\000i\000\040\000t\000i\036\277\000t\000\040\000c\000\341\000c\000\040\000l\000u\036\323\000n\000g\000\040\000v\036\255\000n\000\040\000h\000\340\000n\000h}{section.114}% 92
\BOOKMARK [3][-]{subsubsection.246}{\376\377\000L\000u\036\323\000n\000g\000\040\001\021\001\003\000n\000g\000\040\000n\000h\036\255\000p\000\040\000v\000\340\000\040\000m\036\337\000\040\000d\000a\000s\000h\000b\000o\000a\000r\000d}{subsection.245}% 93
\BOOKMARK [3][-]{subsubsection.249}{\376\377\000L\000u\036\323\000n\000g\000\040\000t\036\241\000o\000\040\000l\036\313\000c\000h\000\040\000h\036\271\000n}{subsection.245}% 94
\BOOKMARK [3][-]{subsubsection.252}{\376\377\000L\000u\036\323\000n\000g\000\040\000c\000h\000e\000c\000k\000-\000i\000n\000\040\000v\000\340\000\040\001\021\001\260\000a\000\040\000b\036\307\000n\000h\000\040\000n\000h\000\342\000n\000\040\000v\000\340\000o\000\040\000h\000\340\000n\000g\000\040\000c\000h\036\335}{subsection.245}% 95
\BOOKMARK [3][-]{subsubsection.255}{\376\377\000L\000u\036\323\000n\000g\000\040\000b\000\341\000c\000\040\000s\001\051\000\040\000m\036\337\000\040\000E\000R\000M\000\040\000v\000\340\000\040\000x\036\355\000\040\000l\000\375\000\040\000h\036\323\000\040\000s\001\241}{subsection.245}% 96
\BOOKMARK [3][-]{subsubsection.258}{\376\377\000L\000u\036\323\000n\000g\000\040\000t\036\241\000o\000\040\000c\000h\036\311\000\040\001\021\036\313\000n\000h\000\040\000v\000\340\000\040\000k\036\371\000\040\000t\000h\000u\036\255\000t\000\040\000v\000i\000\352\000n\000\040\000x\036\355\000\040\000l\000\375\000\040\000r\000e\000q\000u\000e\000s\000t}{subsection.245}% 97
\BOOKMARK [3][-]{subsubsection.261}{\376\377\000L\000u\036\323\000n\000g\000\040\000c\036\245\000p\000\040\000p\000h\000\341\000t\000\040\000t\000h\000u\036\321\000c\000\040\000v\000\340\000\040\000c\036\255\000p\000\040\000n\000h\036\255\000t\000\040\000t\036\323\000n\000\040\000k\000h\000o}{subsection.245}% 98
\BOOKMARK [3][-]{subsubsection.264}{\376\377\000L\000u\036\323\000n\000g\000\040\001\021\036\323\000n\000g\000\040\000b\036\331\000\040\000S\000u\000p\000a\000b\000a\000s\000e\000,\000\040\000S\000h\000e\000e\000t\000D\000B\000\040\000v\000\340\000\040\000S\000Q\000L\000\040\000S\000e\000r\000v\000e\000r}{subsection.245}% 99
\BOOKMARK [3][-]{subsubsection.267}{\376\377\000L\000u\036\323\000n\000g\000\040\000P\000a\000y\000O\000S\000,\000\040\000V\000i\000e\000t\000Q\000R\000\040\000v\000\340\000\040\000c\036\255\000p\000\040\000n\000h\036\255\000t\000\040\000r\000e\000a\000l\000t\000i\000m\000e}{subsection.245}% 100
\BOOKMARK [2][-]{subsection.270}{\376\377\001\020\000\341\000n\000h\000\040\000g\000i\000\341\000\040\000k\036\371\000\040\000t\000h\000u\036\255\000t\000\040\000c\000\340\000i\000\040\001\021\036\267\000t\000\040\000t\000r\000o\000n\000g\000\040\000c\000h\001\260\001\241\000n\000g\000\040\000x\000\342\000y\000\040\000d\036\361\000n\000g}{section.114}% 101
\BOOKMARK [1][-]{section.271}{\376\377\000K\000i\036\303\000m\000\040\000t\000h\036\355\000\040\000v\000\340\000\040\000G\000i\000a\000o\000\040\000d\000i\036\307\000n\000\040\000k\036\277\000t\000\040\000q\000u\036\243}{}% 102
\BOOKMARK [2][-]{subsection.272}{\376\377\000C\000h\000i\036\277\000n\000\040\000l\001\260\036\343\000c\000\040\000k\000i\036\303\000m\000\040\000t\000h\036\355}{section.271}% 103
\BOOKMARK [2][-]{subsection.273}{\376\377\000K\000i\036\303\000m\000\040\000t\000h\036\355\000\040\000g\000i\000a\000o\000\040\000d\000i\036\307\000n\000\040\000W\000i\000n\000F\000o\000r\000m\000s}{section.271}% 104
\BOOKMARK [2][-]{subsection.274}{\376\377\000K\000i\036\303\000m\000\040\000t\000h\036\355\000\040\000c\000h\036\351\000c\000\040\000n\001\003\000n\000g}{section.271}% 105
\BOOKMARK [2][-]{subsection.275}{\376\377\001\020\000\341\000n\000h\000\040\000g\000i\000\341\000\040\001\260\000u\000\040\001\021\000i\036\303\000m}{section.271}% 106
\BOOKMARK [2][-]{subsection.276}{\376\377\000H\036\241\000n\000\040\000c\000h\036\277}{section.271}% 107
\BOOKMARK [1][-]{section.277}{\376\377\000K\036\277\000t\000\040\000l\000u\036\255\000n\000\040\000v\000\340\000\040\000H\001\260\036\333\000n\000g\000\040\000p\000h\000\341\000t\000\040\000t\000r\000i\036\303\000n}{}% 108
\BOOKMARK [2][-]{subsection.278}{\376\377\000K\036\277\000t\000\040\000q\000u\036\243\000\040\001\021\036\241\000t\000\040\001\021\001\260\036\343\000c}{section.277}% 109
\BOOKMARK [2][-]{subsection.279}{\376\377\000H\036\241\000n\000\040\000c\000h\036\277\000\040\000c\036\347\000a\000\040\000p\000h\036\247\000n\000\040\000m\036\301\000m}{section.277}% 110
\BOOKMARK [2][-]{subsection.280}{\376\377\000H\001\260\036\333\000n\000g\000\040\000p\000h\000\341\000t\000\040\000t\000r\000i\036\303\000n\000\040\000t\000r\000o\000n\000g\000\040\000t\001\260\001\241\000n\000g\000\040\000l\000a\000i}{section.277}% 111
\BOOKMARK [1][-]{section*.281}{\376\377\000T\000\340\000i\000\040\000l\000i\036\307\000u\000\040\000t\000h\000a\000m\000\040\000k\000h\036\243\000o}{}% 112
\BOOKMARK [1][-]{section*.282}{\376\377\000P\000h\036\345\000\040\000l\036\345\000c\000\040\000A\000.\000\040\000H\000\354\000n\000h\000\040\036\243\000n\000h}{}% 113
\BOOKMARK [1][-]{section*.283}{\376\377\000P\000h\036\345\000\040\000l\036\345\000c\000\040\000B\000.\000\040\000C\000\341\000c\000\040\000t\000h\000u\036\255\000t\000\040\000t\000o\000\341\000n}{}% 114
\BOOKMARK [1][-]{section*.284}{\376\377\000P\000h\036\345\000\040\000l\036\345\000c\000\040\000C\000.\000\040\000B\036\243\000n\000g\000,\000\040\000b\000i\036\303\000u}{}% 115
\BOOKMARK [1][-]{section*.285}{\376\377\000B\036\243\000n\000g\000\040\000p\000h\000\342\000n\000\040\000c\000\364\000n\000g\000\040\000n\000h\000i\036\307\000m\000\040\000v\036\345}{}% 116
\BOOKMARK [1][-]{section*.286}{\376\377\000L\000i\000n\000k\000\040\001\021\036\323\000\040\000\341\000n}{}% 117
